info it worked if it ends with ok
verbose cli [ 'node', '/usr/local/bin/npm', 'install', '-g', 'pty' ]
info using npm@1.1.16
info using node@v0.6.15
verbose config file /home/xenoz0718/.npmrc
verbose config file /usr/local/etc/npmrc
verbose config file /usr/local/lib/node_modules/npm/npmrc
verbose cache add [ 'pty', null ]
silly cache add: name, spec, args [ undefined, 'pty', [ 'pty', null ] ]
verbose parsed url { pathname: 'pty', path: 'pty', href: 'pty' }
verbose addNamed [ 'pty', '' ]
verbose addNamed [ null, '' ]
silly name, range, hasData [ 'pty', '', false ]
verbose raw, before any munging pty
verbose url resolving [ 'https://registry.npmjs.org/', './pty' ]
verbose url resolved https://registry.npmjs.org/pty
http GET https://registry.npmjs.org/pty
http 404 https://registry.npmjs.org/pty
silly get cb [ 404,
silly get cb   { server: 'CouchDB/1.2.0 (Erlang OTP/R15B)',
silly get cb     date: 'Thu, 05 Jul 2012 07:38:36 GMT',
silly get cb     'content-type': 'application/json',
silly get cb     'content-length': '52',
silly get cb     'cache-control': 'must-revalidate' } ]
ERR! 404 'pty' is not in the npm registry.
ERR! 404 You should bug the author to publish it
ERR! 404 Note that you can also install from a
ERR! 404 tarball, folder, or http url, or git url.
ERR! 
ERR! System Linux 3.0.0-12-generic
ERR! command "node" "/usr/local/bin/npm" "install" "-g" "pty"
ERR! cwd /home/xenoz0718/workspace/goorm
ERR! node -v v0.6.15
ERR! npm -v 1.1.16
ERR! code E404
ERR! message 404 Not Found: pty
ERR! errno {}
verbose exit [ 1, true ]
